2018-11-11 17:44:43,003 [Worker-6: Loading available Gradle versions] INFO  c.g.t.t.d.PublishedGradleVersions - Gradle version information cache is up-to-date. Trying to read.
2018-11-11 17:45:35,136 [Worker-6: Updating Maven Dependencies] INFO  o.e.m.c.i.l.LifecycleMappingFactory - Using org.eclipse.m2e.jdt.JarLifecycleMapping lifecycle mapping for MavenProject: NyaGames:Just_Run:0.0.1-SNAPSHOT @ D:\001_Universidad\2018-2019\Juegos en red\Just Run\Just_Run\pom.xml.
2018-11-11 17:45:40,904 [Worker-7: Building workspace] INFO  o.e.m.c.i.l.LifecycleMappingFactory - Using org.eclipse.m2e.jdt.JarLifecycleMapping lifecycle mapping for MavenProject: NyaGames:Just_Run:0.0.1-SNAPSHOT @ D:\001_Universidad\2018-2019\Juegos en red\Just Run\Just_Run\pom.xml.
2018-11-11 17:45:42,197 [Worker-7: Building workspace] INFO  o.e.m.c.i.embedder.EclipseLogger - Using 'UTF-8' encoding to copy filtered resources.
2018-11-11 17:45:42,241 [Worker-7: Building workspace] INFO  o.e.m.c.i.embedder.EclipseLogger - Copying 0 resource
2018-11-11 17:45:42,245 [Worker-7: Building workspace] INFO  o.e.m.c.i.embedder.EclipseLogger - Copying 188 resources
2018-11-11 17:45:49,224 [Worker-7: Building workspace] INFO  o.e.m.c.i.embedder.EclipseLogger - Using 'UTF-8' encoding to copy filtered resources.
2018-11-11 17:45:49,224 [Worker-7: Building workspace] INFO  o.e.m.c.i.embedder.EclipseLogger - skip non existing resourceDirectory D:\001_Universidad\2018-2019\Juegos en red\Just Run\Just_Run\src\test\resources
2018-11-11 17:45:50,270 [Worker-15: Building workspace] INFO  o.e.m.c.i.embedder.EclipseLogger - Using 'UTF-8' encoding to copy filtered resources.
2018-11-11 17:45:50,273 [Worker-15: Building workspace] INFO  o.e.m.c.i.embedder.EclipseLogger - Copying 0 resource
2018-11-11 17:45:50,274 [Worker-15: Building workspace] INFO  o.e.m.c.i.embedder.EclipseLogger - Copying 188 resources
2018-11-11 17:45:52,054 [Worker-15: Building workspace] INFO  o.e.m.c.i.embedder.EclipseLogger - Using 'UTF-8' encoding to copy filtered resources.
2018-11-11 17:45:52,054 [Worker-15: Building workspace] INFO  o.e.m.c.i.embedder.EclipseLogger - skip non existing resourceDirectory D:\001_Universidad\2018-2019\Juegos en red\Just Run\Just_Run\src\test\resources
2018-11-11 17:45:52,327 [Worker-3: Building workspace] INFO  o.e.m.c.i.embedder.EclipseLogger - Using 'UTF-8' encoding to copy filtered resources.
2018-11-11 17:45:52,328 [Worker-3: Building workspace] INFO  o.e.m.c.i.embedder.EclipseLogger - Copying 0 resource
2018-11-11 17:45:52,329 [Worker-3: Building workspace] INFO  o.e.m.c.i.embedder.EclipseLogger - Copying 188 resources
2018-11-11 17:45:53,017 [Worker-3: Building workspace] INFO  o.e.m.c.i.embedder.EclipseLogger - Using 'UTF-8' encoding to copy filtered resources.
2018-11-11 17:45:53,017 [Worker-3: Building workspace] INFO  o.e.m.c.i.embedder.EclipseLogger - skip non existing resourceDirectory D:\001_Universidad\2018-2019\Juegos en red\Just Run\Just_Run\src\test\resources
2018-11-11 17:45:54,700 [Worker-3: Updating Maven Dependencies] INFO  o.e.m.c.i.l.LifecycleMappingFactory - Using org.eclipse.m2e.jdt.JarLifecycleMapping lifecycle mapping for MavenProject: NyaGames:Just_Run:0.0.1-SNAPSHOT @ D:\001_Universidad\2018-2019\Juegos en red\Just Run\Just_Run\pom.xml.
2018-11-11 17:45:56,274 [Worker-10: Building workspace] INFO  o.e.m.c.i.embedder.EclipseLogger - Using 'UTF-8' encoding to copy filtered resources.
2018-11-11 17:45:56,276 [Worker-10: Building workspace] INFO  o.e.m.c.i.embedder.EclipseLogger - Copying 0 resource
2018-11-11 17:45:56,277 [Worker-10: Building workspace] INFO  o.e.m.c.i.embedder.EclipseLogger - Copying 0 resource
2018-11-11 17:45:56,280 [Worker-10: Building workspace] INFO  o.e.m.c.i.embedder.EclipseLogger - Using 'UTF-8' encoding to copy filtered resources.
2018-11-11 17:45:56,280 [Worker-10: Building workspace] INFO  o.e.m.c.i.embedder.EclipseLogger - skip non existing resourceDirectory D:\001_Universidad\2018-2019\Juegos en red\Just Run\Just_Run\src\test\resources
2018-11-11 17:49:26,978 [Worker-6: Building workspace] INFO  o.e.m.c.i.embedder.EclipseLogger - Using 'UTF-8' encoding to copy filtered resources.
2018-11-11 17:49:26,981 [Worker-6: Building workspace] INFO  o.e.m.c.i.embedder.EclipseLogger - Copying 0 resource
2018-11-11 17:49:26,982 [Worker-6: Building workspace] INFO  o.e.m.c.i.embedder.EclipseLogger - Copying 1 resource
2018-11-11 17:49:27,032 [Worker-6: Building workspace] INFO  o.e.m.c.i.embedder.EclipseLogger - Using 'UTF-8' encoding to copy filtered resources.
2018-11-11 17:49:27,032 [Worker-6: Building workspace] INFO  o.e.m.c.i.embedder.EclipseLogger - skip non existing resourceDirectory D:\001_Universidad\2018-2019\Juegos en red\Just Run\Just_Run\src\test\resources
